2024-01-22 14:33:49 [scrapy.addons] INFO: Enabled addons:
[]
2024-01-22 14:33:49 [py.warnings] WARNING: /Library/Frameworks/Python.framework/Versions/3.11/lib/python3.11/site-packages/scrapy/utils/request.py:254: ScrapyDeprecationWarning: '2.6' is a deprecated value for the 'REQUEST_FINGERPRINTER_IMPLEMENTATION' setting.

It is also the default value. In other words, it is normal to get this warning if you have not defined a value for the 'REQUEST_FINGERPRINTER_IMPLEMENTATION' setting. This is so for backward compatibility reasons, but it will change in a future version of Scrapy.

See the documentation of the 'REQUEST_FINGERPRINTER_IMPLEMENTATION' setting for information on how to handle this deprecation.
  return cls(crawler)

2024-01-22 14:33:49 [scrapy.utils.log] DEBUG: Using reactor: twisted.internet.selectreactor.SelectReactor
2024-01-22 14:33:49 [scrapy.extensions.telnet] INFO: Telnet Password: da19f6185a3e39d6
2024-01-22 14:33:49 [scrapy.middleware] INFO: Enabled extensions:
['scrapy.extensions.corestats.CoreStats',
 'scrapy.extensions.telnet.TelnetConsole',
 'scrapy.extensions.memusage.MemoryUsage',
 'scrapy.extensions.logstats.LogStats']
2024-01-22 14:33:49 [scrapy.crawler] INFO: Overridden settings:
{'LOG_FILE': 'upcoming_bouts_spider.log'}
2024-01-22 14:33:49 [scrapy.middleware] INFO: Enabled downloader middlewares:
['scrapy.downloadermiddlewares.httpauth.HttpAuthMiddleware',
 'scrapy.downloadermiddlewares.downloadtimeout.DownloadTimeoutMiddleware',
 'scrapy.downloadermiddlewares.defaultheaders.DefaultHeadersMiddleware',
 'scrapy.downloadermiddlewares.useragent.UserAgentMiddleware',
 'scrapy.downloadermiddlewares.retry.RetryMiddleware',
 'scrapy.downloadermiddlewares.redirect.MetaRefreshMiddleware',
 'scrapy.downloadermiddlewares.httpcompression.HttpCompressionMiddleware',
 'scrapy.downloadermiddlewares.redirect.RedirectMiddleware',
 'scrapy.downloadermiddlewares.cookies.CookiesMiddleware',
 'scrapy.downloadermiddlewares.httpproxy.HttpProxyMiddleware',
 'scrapy.downloadermiddlewares.stats.DownloaderStats']
2024-01-22 14:33:49 [scrapy.middleware] INFO: Enabled spider middlewares:
['scrapy.spidermiddlewares.httperror.HttpErrorMiddleware',
 'scrapy.spidermiddlewares.offsite.OffsiteMiddleware',
 'scrapy.spidermiddlewares.referer.RefererMiddleware',
 'scrapy.spidermiddlewares.urllength.UrlLengthMiddleware',
 'scrapy.spidermiddlewares.depth.DepthMiddleware']
2024-01-22 14:33:49 [scrapy.middleware] INFO: Enabled item pipelines:
['__main__.JsonWriterPipeline']
2024-01-22 14:33:49 [scrapy.core.engine] INFO: Spider opened
2024-01-22 14:33:49 [scrapy.extensions.logstats] INFO: Crawled 0 pages (at 0 pages/min), scraped 0 items (at 0 items/min)
2024-01-22 14:33:49 [scrapy.extensions.telnet] INFO: Telnet console listening on 127.0.0.1:6023
2024-01-22 14:33:49 [scrapy.core.engine] DEBUG: Crawled (200) <GET http://ufcstats.com/statistics/events/upcoming> (referer: None)
2024-01-22 14:33:49 [scrapy.core.engine] DEBUG: Crawled (200) <GET http://ufcstats.com/event-details/6750e338922a099d> (referer: http://ufcstats.com/statistics/events/upcoming)
2024-01-22 14:33:49 [scrapy.core.engine] DEBUG: Crawled (200) <GET http://ufcstats.com/event-details/899eaba48fa864a6> (referer: http://ufcstats.com/statistics/events/upcoming)
2024-01-22 14:33:49 [scrapy.core.engine] DEBUG: Crawled (200) <GET http://ufcstats.com/event-details/79ff6545b0abc685> (referer: http://ufcstats.com/statistics/events/upcoming)
2024-01-22 14:33:49 [scrapy.core.engine] DEBUG: Crawled (200) <GET http://ufcstats.com/event-details/e4a9dbade7c7e1a7> (referer: http://ufcstats.com/statistics/events/upcoming)
2024-01-22 14:33:49 [scrapy.core.engine] DEBUG: Crawled (200) <GET http://ufcstats.com/event-details/dba230fe33011201> (referer: http://ufcstats.com/statistics/events/upcoming)
2024-01-22 14:33:49 [scrapy.core.engine] DEBUG: Crawled (200) <GET http://ufcstats.com/event-details/c398235fcaf8d71d> (referer: http://ufcstats.com/statistics/events/upcoming)
2024-01-22 14:33:49 [scrapy.core.engine] DEBUG: Crawled (200) <GET http://ufcstats.com/event-details/dab0e6cb8c932162> (referer: http://ufcstats.com/statistics/events/upcoming)
2024-01-22 14:33:49 [scrapy.core.engine] DEBUG: Crawled (200) <GET http://ufcstats.com/event-details/902ab9197b83d0db> (referer: http://ufcstats.com/statistics/events/upcoming)
2024-01-22 14:33:49 [scrapy.core.engine] DEBUG: Crawled (200) <GET http://ufcstats.com/event-details/a9df5ae20a97b090> (referer: http://ufcstats.com/statistics/events/upcoming)
2024-01-22 14:33:49 [scrapy.core.engine] DEBUG: Crawled (200) <GET http://ufcstats.com/event-details/eaea0fc7b76525a8> (referer: http://ufcstats.com/statistics/events/upcoming)
2024-01-22 14:33:49 [scrapy.core.engine] DEBUG: Crawled (200) <GET http://ufcstats.com/event-details/cce79e827569f26e> (referer: http://ufcstats.com/statistics/events/upcoming)
2024-01-22 14:33:49 [scrapy.core.scraper] DEBUG: Scraped from <200 http://ufcstats.com/event-details/6750e338922a099d>
{'event_title': 'UFC 300', 'date': 'April 13, 2024', 'location': 'Las Vegas, Nevada, USA', 'fighter_a_name': 'Justin Gaethje', 'fighter_b_name': 'Max Holloway', 'weight_class': 'Lightweight', 'cage_size': 'big'}
2024-01-22 14:33:49 [scrapy.core.scraper] DEBUG: Scraped from <200 http://ufcstats.com/event-details/6750e338922a099d>
{'event_title': 'UFC 300', 'date': 'April 13, 2024', 'location': 'Las Vegas, Nevada, USA', 'fighter_a_name': 'Zhang Weili', 'fighter_b_name': 'Yan Xiaonan', 'weight_class': "Women's Strawweight", 'cage_size': 'big'}
2024-01-22 14:33:49 [scrapy.core.scraper] DEBUG: Scraped from <200 http://ufcstats.com/event-details/6750e338922a099d>
{'event_title': 'UFC 300', 'date': 'April 13, 2024', 'location': 'Las Vegas, Nevada, USA', 'fighter_a_name': 'Jiri Prochazka', 'fighter_b_name': 'Aleksandar Rakic', 'weight_class': 'Light Heavyweight', 'cage_size': 'big'}
2024-01-22 14:33:49 [scrapy.core.scraper] DEBUG: Scraped from <200 http://ufcstats.com/event-details/6750e338922a099d>
{'event_title': 'UFC 300', 'date': 'April 13, 2024', 'location': 'Las Vegas, Nevada, USA', 'fighter_a_name': 'Calvin Kattar', 'fighter_b_name': 'Aljamain Sterling', 'weight_class': 'Featherweight', 'cage_size': 'big'}
2024-01-22 14:33:49 [scrapy.core.scraper] DEBUG: Scraped from <200 http://ufcstats.com/event-details/6750e338922a099d>
{'event_title': 'UFC 300', 'date': 'April 13, 2024', 'location': 'Las Vegas, Nevada, USA', 'fighter_a_name': 'Bo Nickal', 'fighter_b_name': 'Cody Brundage', 'weight_class': 'Middleweight', 'cage_size': 'big'}
2024-01-22 14:33:49 [scrapy.core.scraper] DEBUG: Scraped from <200 http://ufcstats.com/event-details/6750e338922a099d>
{'event_title': 'UFC 300', 'date': 'April 13, 2024', 'location': 'Las Vegas, Nevada, USA', 'fighter_a_name': 'Charles Oliveira', 'fighter_b_name': 'Arman Tsarukyan', 'weight_class': 'Lightweight', 'cage_size': 'big'}
2024-01-22 14:33:49 [scrapy.core.scraper] DEBUG: Scraped from <200 http://ufcstats.com/event-details/6750e338922a099d>
{'event_title': 'UFC 300', 'date': 'April 13, 2024', 'location': 'Las Vegas, Nevada, USA', 'fighter_a_name': 'Deiveson Figueiredo', 'fighter_b_name': 'Cody Garbrandt', 'weight_class': 'Bantamweight', 'cage_size': 'big'}
2024-01-22 14:33:49 [scrapy.core.scraper] DEBUG: Scraped from <200 http://ufcstats.com/event-details/6750e338922a099d>
{'event_title': 'UFC 300', 'date': 'April 13, 2024', 'location': 'Las Vegas, Nevada, USA', 'fighter_a_name': 'Bobby Green', 'fighter_b_name': 'Jim Miller', 'weight_class': 'Lightweight', 'cage_size': 'big'}
2024-01-22 14:33:49 [scrapy.core.scraper] ERROR: Spider error processing <GET http://ufcstats.com/event-details/6750e338922a099d> (referer: http://ufcstats.com/statistics/events/upcoming)
Traceback (most recent call last):
  File "/Library/Frameworks/Python.framework/Versions/3.11/lib/python3.11/site-packages/scrapy/utils/defer.py", line 279, in iter_errback
    yield next(it)
          ^^^^^^^^
  File "/Library/Frameworks/Python.framework/Versions/3.11/lib/python3.11/site-packages/scrapy/utils/python.py", line 350, in __next__
    return next(self.data)
           ^^^^^^^^^^^^^^^
  File "/Library/Frameworks/Python.framework/Versions/3.11/lib/python3.11/site-packages/scrapy/utils/python.py", line 350, in __next__
    return next(self.data)
           ^^^^^^^^^^^^^^^
  File "/Library/Frameworks/Python.framework/Versions/3.11/lib/python3.11/site-packages/scrapy/core/spidermw.py", line 106, in process_sync
    for r in iterable:
  File "/Library/Frameworks/Python.framework/Versions/3.11/lib/python3.11/site-packages/scrapy/spidermiddlewares/offsite.py", line 28, in <genexpr>
    return (r for r in result or () if self._filter(r, spider))
           ^^^^^^^^^^^^^^^^^^^^^^^^^^^^^^^^^^^^^^^^^^^^^^^^^^^^
  File "/Library/Frameworks/Python.framework/Versions/3.11/lib/python3.11/site-packages/scrapy/core/spidermw.py", line 106, in process_sync
    for r in iterable:
  File "/Library/Frameworks/Python.framework/Versions/3.11/lib/python3.11/site-packages/scrapy/spidermiddlewares/referer.py", line 352, in <genexpr>
    return (self._set_referer(r, response) for r in result or ())
           ^^^^^^^^^^^^^^^^^^^^^^^^^^^^^^^^^^^^^^^^^^^^^^^^^^^^^^
  File "/Library/Frameworks/Python.framework/Versions/3.11/lib/python3.11/site-packages/scrapy/core/spidermw.py", line 106, in process_sync
    for r in iterable:
  File "/Library/Frameworks/Python.framework/Versions/3.11/lib/python3.11/site-packages/scrapy/spidermiddlewares/urllength.py", line 27, in <genexpr>
    return (r for r in result or () if self._filter(r, spider))
           ^^^^^^^^^^^^^^^^^^^^^^^^^^^^^^^^^^^^^^^^^^^^^^^^^^^^
  File "/Library/Frameworks/Python.framework/Versions/3.11/lib/python3.11/site-packages/scrapy/core/spidermw.py", line 106, in process_sync
    for r in iterable:
  File "/Library/Frameworks/Python.framework/Versions/3.11/lib/python3.11/site-packages/scrapy/spidermiddlewares/depth.py", line 31, in <genexpr>
    return (r for r in result or () if self._filter(r, response, spider))
           ^^^^^^^^^^^^^^^^^^^^^^^^^^^^^^^^^^^^^^^^^^^^^^^^^^^^^^^^^^^^^^
  File "/Library/Frameworks/Python.framework/Versions/3.11/lib/python3.11/site-packages/scrapy/core/spidermw.py", line 106, in process_sync
    for r in iterable:
  File "/Users/daneweickert/Library/CloudStorage/GoogleDrive-weickertdane99@gmail.com/My Drive/Work/Sports Betting/Sports/MMA/ufc_modeling/prod/pipelines/../spiders/upcoming_bouts_spider.py", line 40, in get_bouts
    fighter_a_name = response.css(f'tr.b-fight-details__table-row:nth-child({bout}) td.b-fight-details__table-col.l-page_align_left:nth-child(2) p.b-fight-details__table-text:nth-child(1) a.b-link::text').get().strip()
                     ^^^^^^^^^^^^^^^^^^^^^^^^^^^^^^^^^^^^^^^^^^^^^^^^^^^^^^^^^^^^^^^^^^^^^^^^^^^^^^^^^^^^^^^^^^^^^^^^^^^^^^^^^^^^^^^^^^^^^^^^^^^^^^^^^^^^^^^^^^^^^^^^^^^^^^^^^^^^^^^^^^^^^^^^^^^^^^^^^^^^^^^^^^^^^^^^^^^
AttributeError: 'NoneType' object has no attribute 'strip'
2024-01-22 14:33:49 [scrapy.core.scraper] DEBUG: Scraped from <200 http://ufcstats.com/event-details/899eaba48fa864a6>
{'event_title': 'UFC Fight Night: Vettori vs. Allen', 'date': 'April 06, 2024', 'location': 'Las Vegas, Nevada, USA', 'fighter_a_name': 'Marvin Vettori', 'fighter_b_name': 'Brendan Allen', 'weight_class': 'Middleweight', 'cage_size': 'small'}
2024-01-22 14:33:49 [scrapy.core.scraper] ERROR: Spider error processing <GET http://ufcstats.com/event-details/899eaba48fa864a6> (referer: http://ufcstats.com/statistics/events/upcoming)
Traceback (most recent call last):
  File "/Library/Frameworks/Python.framework/Versions/3.11/lib/python3.11/site-packages/scrapy/utils/defer.py", line 279, in iter_errback
    yield next(it)
          ^^^^^^^^
  File "/Library/Frameworks/Python.framework/Versions/3.11/lib/python3.11/site-packages/scrapy/utils/python.py", line 350, in __next__
    return next(self.data)
           ^^^^^^^^^^^^^^^
  File "/Library/Frameworks/Python.framework/Versions/3.11/lib/python3.11/site-packages/scrapy/utils/python.py", line 350, in __next__
    return next(self.data)
           ^^^^^^^^^^^^^^^
  File "/Library/Frameworks/Python.framework/Versions/3.11/lib/python3.11/site-packages/scrapy/core/spidermw.py", line 106, in process_sync
    for r in iterable:
  File "/Library/Frameworks/Python.framework/Versions/3.11/lib/python3.11/site-packages/scrapy/spidermiddlewares/offsite.py", line 28, in <genexpr>
    return (r for r in result or () if self._filter(r, spider))
           ^^^^^^^^^^^^^^^^^^^^^^^^^^^^^^^^^^^^^^^^^^^^^^^^^^^^
  File "/Library/Frameworks/Python.framework/Versions/3.11/lib/python3.11/site-packages/scrapy/core/spidermw.py", line 106, in process_sync
    for r in iterable:
  File "/Library/Frameworks/Python.framework/Versions/3.11/lib/python3.11/site-packages/scrapy/spidermiddlewares/referer.py", line 352, in <genexpr>
    return (self._set_referer(r, response) for r in result or ())
           ^^^^^^^^^^^^^^^^^^^^^^^^^^^^^^^^^^^^^^^^^^^^^^^^^^^^^^
  File "/Library/Frameworks/Python.framework/Versions/3.11/lib/python3.11/site-packages/scrapy/core/spidermw.py", line 106, in process_sync
    for r in iterable:
  File "/Library/Frameworks/Python.framework/Versions/3.11/lib/python3.11/site-packages/scrapy/spidermiddlewares/urllength.py", line 27, in <genexpr>
    return (r for r in result or () if self._filter(r, spider))
           ^^^^^^^^^^^^^^^^^^^^^^^^^^^^^^^^^^^^^^^^^^^^^^^^^^^^
  File "/Library/Frameworks/Python.framework/Versions/3.11/lib/python3.11/site-packages/scrapy/core/spidermw.py", line 106, in process_sync
    for r in iterable:
  File "/Library/Frameworks/Python.framework/Versions/3.11/lib/python3.11/site-packages/scrapy/spidermiddlewares/depth.py", line 31, in <genexpr>
    return (r for r in result or () if self._filter(r, response, spider))
           ^^^^^^^^^^^^^^^^^^^^^^^^^^^^^^^^^^^^^^^^^^^^^^^^^^^^^^^^^^^^^^
  File "/Library/Frameworks/Python.framework/Versions/3.11/lib/python3.11/site-packages/scrapy/core/spidermw.py", line 106, in process_sync
    for r in iterable:
  File "/Users/daneweickert/Library/CloudStorage/GoogleDrive-weickertdane99@gmail.com/My Drive/Work/Sports Betting/Sports/MMA/ufc_modeling/prod/pipelines/../spiders/upcoming_bouts_spider.py", line 40, in get_bouts
    fighter_a_name = response.css(f'tr.b-fight-details__table-row:nth-child({bout}) td.b-fight-details__table-col.l-page_align_left:nth-child(2) p.b-fight-details__table-text:nth-child(1) a.b-link::text').get().strip()
                     ^^^^^^^^^^^^^^^^^^^^^^^^^^^^^^^^^^^^^^^^^^^^^^^^^^^^^^^^^^^^^^^^^^^^^^^^^^^^^^^^^^^^^^^^^^^^^^^^^^^^^^^^^^^^^^^^^^^^^^^^^^^^^^^^^^^^^^^^^^^^^^^^^^^^^^^^^^^^^^^^^^^^^^^^^^^^^^^^^^^^^^^^^^^^^^^^^^^
AttributeError: 'NoneType' object has no attribute 'strip'
2024-01-22 14:33:49 [scrapy.core.scraper] DEBUG: Scraped from <200 http://ufcstats.com/event-details/79ff6545b0abc685>
{'event_title': 'UFC Fight Night: Ribas vs. Namajunas', 'date': 'March 23, 2024', 'location': 'Las Vegas, Nevada, USA', 'fighter_a_name': 'Amanda Ribas', 'fighter_b_name': 'Rose Namajunas', 'weight_class': "Women's Flyweight", 'cage_size': 'small'}
2024-01-22 14:33:49 [scrapy.core.scraper] ERROR: Spider error processing <GET http://ufcstats.com/event-details/79ff6545b0abc685> (referer: http://ufcstats.com/statistics/events/upcoming)
Traceback (most recent call last):
  File "/Library/Frameworks/Python.framework/Versions/3.11/lib/python3.11/site-packages/scrapy/utils/defer.py", line 279, in iter_errback
    yield next(it)
          ^^^^^^^^
  File "/Library/Frameworks/Python.framework/Versions/3.11/lib/python3.11/site-packages/scrapy/utils/python.py", line 350, in __next__
    return next(self.data)
           ^^^^^^^^^^^^^^^
  File "/Library/Frameworks/Python.framework/Versions/3.11/lib/python3.11/site-packages/scrapy/utils/python.py", line 350, in __next__
    return next(self.data)
           ^^^^^^^^^^^^^^^
  File "/Library/Frameworks/Python.framework/Versions/3.11/lib/python3.11/site-packages/scrapy/core/spidermw.py", line 106, in process_sync
    for r in iterable:
  File "/Library/Frameworks/Python.framework/Versions/3.11/lib/python3.11/site-packages/scrapy/spidermiddlewares/offsite.py", line 28, in <genexpr>
    return (r for r in result or () if self._filter(r, spider))
           ^^^^^^^^^^^^^^^^^^^^^^^^^^^^^^^^^^^^^^^^^^^^^^^^^^^^
  File "/Library/Frameworks/Python.framework/Versions/3.11/lib/python3.11/site-packages/scrapy/core/spidermw.py", line 106, in process_sync
    for r in iterable:
  File "/Library/Frameworks/Python.framework/Versions/3.11/lib/python3.11/site-packages/scrapy/spidermiddlewares/referer.py", line 352, in <genexpr>
    return (self._set_referer(r, response) for r in result or ())
           ^^^^^^^^^^^^^^^^^^^^^^^^^^^^^^^^^^^^^^^^^^^^^^^^^^^^^^
  File "/Library/Frameworks/Python.framework/Versions/3.11/lib/python3.11/site-packages/scrapy/core/spidermw.py", line 106, in process_sync
    for r in iterable:
  File "/Library/Frameworks/Python.framework/Versions/3.11/lib/python3.11/site-packages/scrapy/spidermiddlewares/urllength.py", line 27, in <genexpr>
    return (r for r in result or () if self._filter(r, spider))
           ^^^^^^^^^^^^^^^^^^^^^^^^^^^^^^^^^^^^^^^^^^^^^^^^^^^^
  File "/Library/Frameworks/Python.framework/Versions/3.11/lib/python3.11/site-packages/scrapy/core/spidermw.py", line 106, in process_sync
    for r in iterable:
  File "/Library/Frameworks/Python.framework/Versions/3.11/lib/python3.11/site-packages/scrapy/spidermiddlewares/depth.py", line 31, in <genexpr>
    return (r for r in result or () if self._filter(r, response, spider))
           ^^^^^^^^^^^^^^^^^^^^^^^^^^^^^^^^^^^^^^^^^^^^^^^^^^^^^^^^^^^^^^
  File "/Library/Frameworks/Python.framework/Versions/3.11/lib/python3.11/site-packages/scrapy/core/spidermw.py", line 106, in process_sync
    for r in iterable:
  File "/Users/daneweickert/Library/CloudStorage/GoogleDrive-weickertdane99@gmail.com/My Drive/Work/Sports Betting/Sports/MMA/ufc_modeling/prod/pipelines/../spiders/upcoming_bouts_spider.py", line 40, in get_bouts
    fighter_a_name = response.css(f'tr.b-fight-details__table-row:nth-child({bout}) td.b-fight-details__table-col.l-page_align_left:nth-child(2) p.b-fight-details__table-text:nth-child(1) a.b-link::text').get().strip()
                     ^^^^^^^^^^^^^^^^^^^^^^^^^^^^^^^^^^^^^^^^^^^^^^^^^^^^^^^^^^^^^^^^^^^^^^^^^^^^^^^^^^^^^^^^^^^^^^^^^^^^^^^^^^^^^^^^^^^^^^^^^^^^^^^^^^^^^^^^^^^^^^^^^^^^^^^^^^^^^^^^^^^^^^^^^^^^^^^^^^^^^^^^^^^^^^^^^^^
AttributeError: 'NoneType' object has no attribute 'strip'
2024-01-22 14:33:49 [scrapy.core.scraper] ERROR: Spider error processing <GET http://ufcstats.com/event-details/e4a9dbade7c7e1a7> (referer: http://ufcstats.com/statistics/events/upcoming)
Traceback (most recent call last):
  File "/Library/Frameworks/Python.framework/Versions/3.11/lib/python3.11/site-packages/scrapy/utils/defer.py", line 279, in iter_errback
    yield next(it)
          ^^^^^^^^
  File "/Library/Frameworks/Python.framework/Versions/3.11/lib/python3.11/site-packages/scrapy/utils/python.py", line 350, in __next__
    return next(self.data)
           ^^^^^^^^^^^^^^^
  File "/Library/Frameworks/Python.framework/Versions/3.11/lib/python3.11/site-packages/scrapy/utils/python.py", line 350, in __next__
    return next(self.data)
           ^^^^^^^^^^^^^^^
  File "/Library/Frameworks/Python.framework/Versions/3.11/lib/python3.11/site-packages/scrapy/core/spidermw.py", line 106, in process_sync
    for r in iterable:
  File "/Library/Frameworks/Python.framework/Versions/3.11/lib/python3.11/site-packages/scrapy/spidermiddlewares/offsite.py", line 28, in <genexpr>
    return (r for r in result or () if self._filter(r, spider))
           ^^^^^^^^^^^^^^^^^^^^^^^^^^^^^^^^^^^^^^^^^^^^^^^^^^^^
  File "/Library/Frameworks/Python.framework/Versions/3.11/lib/python3.11/site-packages/scrapy/core/spidermw.py", line 106, in process_sync
    for r in iterable:
  File "/Library/Frameworks/Python.framework/Versions/3.11/lib/python3.11/site-packages/scrapy/spidermiddlewares/referer.py", line 352, in <genexpr>
    return (self._set_referer(r, response) for r in result or ())
           ^^^^^^^^^^^^^^^^^^^^^^^^^^^^^^^^^^^^^^^^^^^^^^^^^^^^^^
  File "/Library/Frameworks/Python.framework/Versions/3.11/lib/python3.11/site-packages/scrapy/core/spidermw.py", line 106, in process_sync
    for r in iterable:
  File "/Library/Frameworks/Python.framework/Versions/3.11/lib/python3.11/site-packages/scrapy/spidermiddlewares/urllength.py", line 27, in <genexpr>
    return (r for r in result or () if self._filter(r, spider))
           ^^^^^^^^^^^^^^^^^^^^^^^^^^^^^^^^^^^^^^^^^^^^^^^^^^^^
  File "/Library/Frameworks/Python.framework/Versions/3.11/lib/python3.11/site-packages/scrapy/core/spidermw.py", line 106, in process_sync
    for r in iterable:
  File "/Library/Frameworks/Python.framework/Versions/3.11/lib/python3.11/site-packages/scrapy/spidermiddlewares/depth.py", line 31, in <genexpr>
    return (r for r in result or () if self._filter(r, response, spider))
           ^^^^^^^^^^^^^^^^^^^^^^^^^^^^^^^^^^^^^^^^^^^^^^^^^^^^^^^^^^^^^^
  File "/Library/Frameworks/Python.framework/Versions/3.11/lib/python3.11/site-packages/scrapy/core/spidermw.py", line 106, in process_sync
    for r in iterable:
  File "/Users/daneweickert/Library/CloudStorage/GoogleDrive-weickertdane99@gmail.com/My Drive/Work/Sports Betting/Sports/MMA/ufc_modeling/prod/pipelines/../spiders/upcoming_bouts_spider.py", line 40, in get_bouts
    fighter_a_name = response.css(f'tr.b-fight-details__table-row:nth-child({bout}) td.b-fight-details__table-col.l-page_align_left:nth-child(2) p.b-fight-details__table-text:nth-child(1) a.b-link::text').get().strip()
                     ^^^^^^^^^^^^^^^^^^^^^^^^^^^^^^^^^^^^^^^^^^^^^^^^^^^^^^^^^^^^^^^^^^^^^^^^^^^^^^^^^^^^^^^^^^^^^^^^^^^^^^^^^^^^^^^^^^^^^^^^^^^^^^^^^^^^^^^^^^^^^^^^^^^^^^^^^^^^^^^^^^^^^^^^^^^^^^^^^^^^^^^^^^^^^^^^^^^
AttributeError: 'NoneType' object has no attribute 'strip'
2024-01-22 14:33:49 [scrapy.core.scraper] DEBUG: Scraped from <200 http://ufcstats.com/event-details/dba230fe33011201>
{'event_title': 'UFC Fight Night', 'date': 'March 30, 2024', 'location': 'Atlantic City, New Jersey, USA', 'fighter_a_name': 'Erin Blanchfield', 'fighter_b_name': 'Manon Fiorot', 'weight_class': "Women's Flyweight", 'cage_size': 'big'}
2024-01-22 14:33:49 [scrapy.core.scraper] DEBUG: Scraped from <200 http://ufcstats.com/event-details/dba230fe33011201>
{'event_title': 'UFC Fight Night', 'date': 'March 30, 2024', 'location': 'Atlantic City, New Jersey, USA', 'fighter_a_name': 'Sean Brady', 'fighter_b_name': 'Vicente Luque', 'weight_class': 'Welterweight', 'cage_size': 'big'}
2024-01-22 14:33:49 [scrapy.core.scraper] ERROR: Spider error processing <GET http://ufcstats.com/event-details/dba230fe33011201> (referer: http://ufcstats.com/statistics/events/upcoming)
Traceback (most recent call last):
  File "/Library/Frameworks/Python.framework/Versions/3.11/lib/python3.11/site-packages/scrapy/utils/defer.py", line 279, in iter_errback
    yield next(it)
          ^^^^^^^^
  File "/Library/Frameworks/Python.framework/Versions/3.11/lib/python3.11/site-packages/scrapy/utils/python.py", line 350, in __next__
    return next(self.data)
           ^^^^^^^^^^^^^^^
  File "/Library/Frameworks/Python.framework/Versions/3.11/lib/python3.11/site-packages/scrapy/utils/python.py", line 350, in __next__
    return next(self.data)
           ^^^^^^^^^^^^^^^
  File "/Library/Frameworks/Python.framework/Versions/3.11/lib/python3.11/site-packages/scrapy/core/spidermw.py", line 106, in process_sync
    for r in iterable:
  File "/Library/Frameworks/Python.framework/Versions/3.11/lib/python3.11/site-packages/scrapy/spidermiddlewares/offsite.py", line 28, in <genexpr>
    return (r for r in result or () if self._filter(r, spider))
           ^^^^^^^^^^^^^^^^^^^^^^^^^^^^^^^^^^^^^^^^^^^^^^^^^^^^
  File "/Library/Frameworks/Python.framework/Versions/3.11/lib/python3.11/site-packages/scrapy/core/spidermw.py", line 106, in process_sync
    for r in iterable:
  File "/Library/Frameworks/Python.framework/Versions/3.11/lib/python3.11/site-packages/scrapy/spidermiddlewares/referer.py", line 352, in <genexpr>
    return (self._set_referer(r, response) for r in result or ())
           ^^^^^^^^^^^^^^^^^^^^^^^^^^^^^^^^^^^^^^^^^^^^^^^^^^^^^^
  File "/Library/Frameworks/Python.framework/Versions/3.11/lib/python3.11/site-packages/scrapy/core/spidermw.py", line 106, in process_sync
    for r in iterable:
  File "/Library/Frameworks/Python.framework/Versions/3.11/lib/python3.11/site-packages/scrapy/spidermiddlewares/urllength.py", line 27, in <genexpr>
    return (r for r in result or () if self._filter(r, spider))
           ^^^^^^^^^^^^^^^^^^^^^^^^^^^^^^^^^^^^^^^^^^^^^^^^^^^^
  File "/Library/Frameworks/Python.framework/Versions/3.11/lib/python3.11/site-packages/scrapy/core/spidermw.py", line 106, in process_sync
    for r in iterable:
  File "/Library/Frameworks/Python.framework/Versions/3.11/lib/python3.11/site-packages/scrapy/spidermiddlewares/depth.py", line 31, in <genexpr>
    return (r for r in result or () if self._filter(r, response, spider))
           ^^^^^^^^^^^^^^^^^^^^^^^^^^^^^^^^^^^^^^^^^^^^^^^^^^^^^^^^^^^^^^
  File "/Library/Frameworks/Python.framework/Versions/3.11/lib/python3.11/site-packages/scrapy/core/spidermw.py", line 106, in process_sync
    for r in iterable:
  File "/Users/daneweickert/Library/CloudStorage/GoogleDrive-weickertdane99@gmail.com/My Drive/Work/Sports Betting/Sports/MMA/ufc_modeling/prod/pipelines/../spiders/upcoming_bouts_spider.py", line 40, in get_bouts
    fighter_a_name = response.css(f'tr.b-fight-details__table-row:nth-child({bout}) td.b-fight-details__table-col.l-page_align_left:nth-child(2) p.b-fight-details__table-text:nth-child(1) a.b-link::text').get().strip()
                     ^^^^^^^^^^^^^^^^^^^^^^^^^^^^^^^^^^^^^^^^^^^^^^^^^^^^^^^^^^^^^^^^^^^^^^^^^^^^^^^^^^^^^^^^^^^^^^^^^^^^^^^^^^^^^^^^^^^^^^^^^^^^^^^^^^^^^^^^^^^^^^^^^^^^^^^^^^^^^^^^^^^^^^^^^^^^^^^^^^^^^^^^^^^^^^^^^^^
AttributeError: 'NoneType' object has no attribute 'strip'
2024-01-22 14:33:49 [scrapy.core.scraper] DEBUG: Scraped from <200 http://ufcstats.com/event-details/c398235fcaf8d71d>
{'event_title': 'UFC Fight Night: Tuivasa vs. Tybura', 'date': 'March 16, 2024', 'location': 'Las Vegas, Nevada, USA', 'fighter_a_name': 'Tai Tuivasa', 'fighter_b_name': 'Marcin Tybura', 'weight_class': 'Heavyweight', 'cage_size': 'small'}
2024-01-22 14:33:49 [scrapy.core.scraper] ERROR: Spider error processing <GET http://ufcstats.com/event-details/c398235fcaf8d71d> (referer: http://ufcstats.com/statistics/events/upcoming)
Traceback (most recent call last):
  File "/Library/Frameworks/Python.framework/Versions/3.11/lib/python3.11/site-packages/scrapy/utils/defer.py", line 279, in iter_errback
    yield next(it)
          ^^^^^^^^
  File "/Library/Frameworks/Python.framework/Versions/3.11/lib/python3.11/site-packages/scrapy/utils/python.py", line 350, in __next__
    return next(self.data)
           ^^^^^^^^^^^^^^^
  File "/Library/Frameworks/Python.framework/Versions/3.11/lib/python3.11/site-packages/scrapy/utils/python.py", line 350, in __next__
    return next(self.data)
           ^^^^^^^^^^^^^^^
  File "/Library/Frameworks/Python.framework/Versions/3.11/lib/python3.11/site-packages/scrapy/core/spidermw.py", line 106, in process_sync
    for r in iterable:
  File "/Library/Frameworks/Python.framework/Versions/3.11/lib/python3.11/site-packages/scrapy/spidermiddlewares/offsite.py", line 28, in <genexpr>
    return (r for r in result or () if self._filter(r, spider))
           ^^^^^^^^^^^^^^^^^^^^^^^^^^^^^^^^^^^^^^^^^^^^^^^^^^^^
  File "/Library/Frameworks/Python.framework/Versions/3.11/lib/python3.11/site-packages/scrapy/core/spidermw.py", line 106, in process_sync
    for r in iterable:
  File "/Library/Frameworks/Python.framework/Versions/3.11/lib/python3.11/site-packages/scrapy/spidermiddlewares/referer.py", line 352, in <genexpr>
    return (self._set_referer(r, response) for r in result or ())
           ^^^^^^^^^^^^^^^^^^^^^^^^^^^^^^^^^^^^^^^^^^^^^^^^^^^^^^
  File "/Library/Frameworks/Python.framework/Versions/3.11/lib/python3.11/site-packages/scrapy/core/spidermw.py", line 106, in process_sync
    for r in iterable:
  File "/Library/Frameworks/Python.framework/Versions/3.11/lib/python3.11/site-packages/scrapy/spidermiddlewares/urllength.py", line 27, in <genexpr>
    return (r for r in result or () if self._filter(r, spider))
           ^^^^^^^^^^^^^^^^^^^^^^^^^^^^^^^^^^^^^^^^^^^^^^^^^^^^
  File "/Library/Frameworks/Python.framework/Versions/3.11/lib/python3.11/site-packages/scrapy/core/spidermw.py", line 106, in process_sync
    for r in iterable:
  File "/Library/Frameworks/Python.framework/Versions/3.11/lib/python3.11/site-packages/scrapy/spidermiddlewares/depth.py", line 31, in <genexpr>
    return (r for r in result or () if self._filter(r, response, spider))
           ^^^^^^^^^^^^^^^^^^^^^^^^^^^^^^^^^^^^^^^^^^^^^^^^^^^^^^^^^^^^^^
  File "/Library/Frameworks/Python.framework/Versions/3.11/lib/python3.11/site-packages/scrapy/core/spidermw.py", line 106, in process_sync
    for r in iterable:
  File "/Users/daneweickert/Library/CloudStorage/GoogleDrive-weickertdane99@gmail.com/My Drive/Work/Sports Betting/Sports/MMA/ufc_modeling/prod/pipelines/../spiders/upcoming_bouts_spider.py", line 40, in get_bouts
    fighter_a_name = response.css(f'tr.b-fight-details__table-row:nth-child({bout}) td.b-fight-details__table-col.l-page_align_left:nth-child(2) p.b-fight-details__table-text:nth-child(1) a.b-link::text').get().strip()
                     ^^^^^^^^^^^^^^^^^^^^^^^^^^^^^^^^^^^^^^^^^^^^^^^^^^^^^^^^^^^^^^^^^^^^^^^^^^^^^^^^^^^^^^^^^^^^^^^^^^^^^^^^^^^^^^^^^^^^^^^^^^^^^^^^^^^^^^^^^^^^^^^^^^^^^^^^^^^^^^^^^^^^^^^^^^^^^^^^^^^^^^^^^^^^^^^^^^^
AttributeError: 'NoneType' object has no attribute 'strip'
2024-01-22 14:33:49 [scrapy.core.scraper] DEBUG: Scraped from <200 http://ufcstats.com/event-details/dab0e6cb8c932162>
{'event_title': 'UFC 298: Volkanovski vs. Topuria', 'date': 'February 17, 2024', 'location': 'Anaheim, California, USA', 'fighter_a_name': 'Alexander Volkanovski', 'fighter_b_name': 'Ilia Topuria', 'weight_class': 'Featherweight', 'cage_size': 'big'}
2024-01-22 14:33:49 [scrapy.core.scraper] DEBUG: Scraped from <200 http://ufcstats.com/event-details/dab0e6cb8c932162>
{'event_title': 'UFC 298: Volkanovski vs. Topuria', 'date': 'February 17, 2024', 'location': 'Anaheim, California, USA', 'fighter_a_name': 'Robert Whittaker', 'fighter_b_name': 'Paulo Costa', 'weight_class': 'Middleweight', 'cage_size': 'big'}
2024-01-22 14:33:49 [scrapy.core.scraper] DEBUG: Scraped from <200 http://ufcstats.com/event-details/dab0e6cb8c932162>
{'event_title': 'UFC 298: Volkanovski vs. Topuria', 'date': 'February 17, 2024', 'location': 'Anaheim, California, USA', 'fighter_a_name': 'Geoff Neal', 'fighter_b_name': 'Ian Garry', 'weight_class': 'Welterweight', 'cage_size': 'big'}
2024-01-22 14:33:49 [scrapy.core.scraper] DEBUG: Scraped from <200 http://ufcstats.com/event-details/dab0e6cb8c932162>
{'event_title': 'UFC 298: Volkanovski vs. Topuria', 'date': 'February 17, 2024', 'location': 'Anaheim, California, USA', 'fighter_a_name': 'Merab Dvalishvili', 'fighter_b_name': 'Henry Cejudo', 'weight_class': 'Bantamweight', 'cage_size': 'big'}
2024-01-22 14:33:49 [scrapy.core.scraper] DEBUG: Scraped from <200 http://ufcstats.com/event-details/dab0e6cb8c932162>
{'event_title': 'UFC 298: Volkanovski vs. Topuria', 'date': 'February 17, 2024', 'location': 'Anaheim, California, USA', 'fighter_a_name': 'Anthony Hernandez', 'fighter_b_name': 'Ikram Aliskerov', 'weight_class': 'Middleweight', 'cage_size': 'big'}
2024-01-22 14:33:49 [scrapy.core.scraper] DEBUG: Scraped from <200 http://ufcstats.com/event-details/dab0e6cb8c932162>
{'event_title': 'UFC 298: Volkanovski vs. Topuria', 'date': 'February 17, 2024', 'location': 'Anaheim, California, USA', 'fighter_a_name': 'Marcos Rogerio de Lima', 'fighter_b_name': 'Justin Tafa', 'weight_class': 'Heavyweight', 'cage_size': 'big'}
2024-01-22 14:33:49 [scrapy.core.scraper] DEBUG: Scraped from <200 http://ufcstats.com/event-details/dab0e6cb8c932162>
{'event_title': 'UFC 298: Volkanovski vs. Topuria', 'date': 'February 17, 2024', 'location': 'Anaheim, California, USA', 'fighter_a_name': 'Zhang Mingyang', 'fighter_b_name': 'Brendson Ribeiro', 'weight_class': 'Light Heavyweight', 'cage_size': 'big'}
2024-01-22 14:33:49 [scrapy.core.scraper] DEBUG: Scraped from <200 http://ufcstats.com/event-details/dab0e6cb8c932162>
{'event_title': 'UFC 298: Volkanovski vs. Topuria', 'date': 'February 17, 2024', 'location': 'Anaheim, California, USA', 'fighter_a_name': 'Andrea Lee', 'fighter_b_name': 'Miranda Maverick', 'weight_class': "Women's Flyweight", 'cage_size': 'big'}
2024-01-22 14:33:49 [scrapy.core.scraper] DEBUG: Scraped from <200 http://ufcstats.com/event-details/dab0e6cb8c932162>
{'event_title': 'UFC 298: Volkanovski vs. Topuria', 'date': 'February 17, 2024', 'location': 'Anaheim, California, USA', 'fighter_a_name': 'Amanda Lemos', 'fighter_b_name': 'Mackenzie Dern', 'weight_class': "Women's Strawweight", 'cage_size': 'big'}
2024-01-22 14:33:49 [scrapy.core.scraper] ERROR: Spider error processing <GET http://ufcstats.com/event-details/dab0e6cb8c932162> (referer: http://ufcstats.com/statistics/events/upcoming)
Traceback (most recent call last):
  File "/Library/Frameworks/Python.framework/Versions/3.11/lib/python3.11/site-packages/scrapy/utils/defer.py", line 279, in iter_errback
    yield next(it)
          ^^^^^^^^
  File "/Library/Frameworks/Python.framework/Versions/3.11/lib/python3.11/site-packages/scrapy/utils/python.py", line 350, in __next__
    return next(self.data)
           ^^^^^^^^^^^^^^^
  File "/Library/Frameworks/Python.framework/Versions/3.11/lib/python3.11/site-packages/scrapy/utils/python.py", line 350, in __next__
    return next(self.data)
           ^^^^^^^^^^^^^^^
  File "/Library/Frameworks/Python.framework/Versions/3.11/lib/python3.11/site-packages/scrapy/core/spidermw.py", line 106, in process_sync
    for r in iterable:
  File "/Library/Frameworks/Python.framework/Versions/3.11/lib/python3.11/site-packages/scrapy/spidermiddlewares/offsite.py", line 28, in <genexpr>
    return (r for r in result or () if self._filter(r, spider))
           ^^^^^^^^^^^^^^^^^^^^^^^^^^^^^^^^^^^^^^^^^^^^^^^^^^^^
  File "/Library/Frameworks/Python.framework/Versions/3.11/lib/python3.11/site-packages/scrapy/core/spidermw.py", line 106, in process_sync
    for r in iterable:
  File "/Library/Frameworks/Python.framework/Versions/3.11/lib/python3.11/site-packages/scrapy/spidermiddlewares/referer.py", line 352, in <genexpr>
    return (self._set_referer(r, response) for r in result or ())
           ^^^^^^^^^^^^^^^^^^^^^^^^^^^^^^^^^^^^^^^^^^^^^^^^^^^^^^
  File "/Library/Frameworks/Python.framework/Versions/3.11/lib/python3.11/site-packages/scrapy/core/spidermw.py", line 106, in process_sync
    for r in iterable:
  File "/Library/Frameworks/Python.framework/Versions/3.11/lib/python3.11/site-packages/scrapy/spidermiddlewares/urllength.py", line 27, in <genexpr>
    return (r for r in result or () if self._filter(r, spider))
           ^^^^^^^^^^^^^^^^^^^^^^^^^^^^^^^^^^^^^^^^^^^^^^^^^^^^
  File "/Library/Frameworks/Python.framework/Versions/3.11/lib/python3.11/site-packages/scrapy/core/spidermw.py", line 106, in process_sync
    for r in iterable:
  File "/Library/Frameworks/Python.framework/Versions/3.11/lib/python3.11/site-packages/scrapy/spidermiddlewares/depth.py", line 31, in <genexpr>
    return (r for r in result or () if self._filter(r, response, spider))
           ^^^^^^^^^^^^^^^^^^^^^^^^^^^^^^^^^^^^^^^^^^^^^^^^^^^^^^^^^^^^^^
  File "/Library/Frameworks/Python.framework/Versions/3.11/lib/python3.11/site-packages/scrapy/core/spidermw.py", line 106, in process_sync
    for r in iterable:
  File "/Users/daneweickert/Library/CloudStorage/GoogleDrive-weickertdane99@gmail.com/My Drive/Work/Sports Betting/Sports/MMA/ufc_modeling/prod/pipelines/../spiders/upcoming_bouts_spider.py", line 40, in get_bouts
    fighter_a_name = response.css(f'tr.b-fight-details__table-row:nth-child({bout}) td.b-fight-details__table-col.l-page_align_left:nth-child(2) p.b-fight-details__table-text:nth-child(1) a.b-link::text').get().strip()
                     ^^^^^^^^^^^^^^^^^^^^^^^^^^^^^^^^^^^^^^^^^^^^^^^^^^^^^^^^^^^^^^^^^^^^^^^^^^^^^^^^^^^^^^^^^^^^^^^^^^^^^^^^^^^^^^^^^^^^^^^^^^^^^^^^^^^^^^^^^^^^^^^^^^^^^^^^^^^^^^^^^^^^^^^^^^^^^^^^^^^^^^^^^^^^^^^^^^^
AttributeError: 'NoneType' object has no attribute 'strip'
2024-01-22 14:33:49 [scrapy.core.scraper] DEBUG: Scraped from <200 http://ufcstats.com/event-details/902ab9197b83d0db>
{'event_title': 'UFC Fight Night: Moreno vs. Royval', 'date': 'February 24, 2024', 'location': 'Mexico City, Distrito Federal, Mexico', 'fighter_a_name': 'Brandon Moreno', 'fighter_b_name': 'Brandon Royval', 'weight_class': 'Flyweight', 'cage_size': 'big'}
2024-01-22 14:33:50 [scrapy.core.scraper] DEBUG: Scraped from <200 http://ufcstats.com/event-details/902ab9197b83d0db>
{'event_title': 'UFC Fight Night: Moreno vs. Royval', 'date': 'February 24, 2024', 'location': 'Mexico City, Distrito Federal, Mexico', 'fighter_a_name': 'Brian Ortega', 'fighter_b_name': 'Yair Rodriguez', 'weight_class': 'Featherweight', 'cage_size': 'big'}
2024-01-22 14:33:50 [scrapy.core.scraper] DEBUG: Scraped from <200 http://ufcstats.com/event-details/902ab9197b83d0db>
{'event_title': 'UFC Fight Night: Moreno vs. Royval', 'date': 'February 24, 2024', 'location': 'Mexico City, Distrito Federal, Mexico', 'fighter_a_name': 'Yazmin Jauregui', 'fighter_b_name': 'Sam Hughes', 'weight_class': "Women's Strawweight", 'cage_size': 'big'}
2024-01-22 14:33:50 [scrapy.core.scraper] DEBUG: Scraped from <200 http://ufcstats.com/event-details/902ab9197b83d0db>
{'event_title': 'UFC Fight Night: Moreno vs. Royval', 'date': 'February 24, 2024', 'location': 'Mexico City, Distrito Federal, Mexico', 'fighter_a_name': 'Edgar Chairez', 'fighter_b_name': 'Daniel Lacerda', 'weight_class': 'Flyweight', 'cage_size': 'big'}
2024-01-22 14:33:50 [scrapy.core.scraper] DEBUG: Scraped from <200 http://ufcstats.com/event-details/902ab9197b83d0db>
{'event_title': 'UFC Fight Night: Moreno vs. Royval', 'date': 'February 24, 2024', 'location': 'Mexico City, Distrito Federal, Mexico', 'fighter_a_name': 'Victor Altamirano', 'fighter_b_name': 'Felipe dos Santos', 'weight_class': 'Flyweight', 'cage_size': 'big'}
2024-01-22 14:33:50 [scrapy.core.scraper] DEBUG: Scraped from <200 http://ufcstats.com/event-details/902ab9197b83d0db>
{'event_title': 'UFC Fight Night: Moreno vs. Royval', 'date': 'February 24, 2024', 'location': 'Mexico City, Distrito Federal, Mexico', 'fighter_a_name': 'Jesus Aguilar', 'fighter_b_name': 'Mateus Mendonca', 'weight_class': 'Flyweight', 'cage_size': 'big'}
2024-01-22 14:33:50 [scrapy.core.scraper] DEBUG: Scraped from <200 http://ufcstats.com/event-details/902ab9197b83d0db>
{'event_title': 'UFC Fight Night: Moreno vs. Royval', 'date': 'February 24, 2024', 'location': 'Mexico City, Distrito Federal, Mexico', 'fighter_a_name': 'Manuel Torres', 'fighter_b_name': 'Chris Duncan', 'weight_class': 'Lightweight', 'cage_size': 'big'}
2024-01-22 14:33:50 [scrapy.core.scraper] DEBUG: Scraped from <200 http://ufcstats.com/event-details/902ab9197b83d0db>
{'event_title': 'UFC Fight Night: Moreno vs. Royval', 'date': 'February 24, 2024', 'location': 'Mexico City, Distrito Federal, Mexico', 'fighter_a_name': 'Luis Rodriguez', 'fighter_b_name': 'Denys Bondar', 'weight_class': 'Flyweight', 'cage_size': 'big'}
2024-01-22 14:33:50 [scrapy.core.scraper] DEBUG: Scraped from <200 http://ufcstats.com/event-details/902ab9197b83d0db>
{'event_title': 'UFC Fight Night: Moreno vs. Royval', 'date': 'February 24, 2024', 'location': 'Mexico City, Distrito Federal, Mexico', 'fighter_a_name': 'Cristian Quinonez', 'fighter_b_name': 'Raoni Barcelos', 'weight_class': 'Bantamweight', 'cage_size': 'big'}
2024-01-22 14:33:50 [scrapy.core.scraper] DEBUG: Scraped from <200 http://ufcstats.com/event-details/902ab9197b83d0db>
{'event_title': 'UFC Fight Night: Moreno vs. Royval', 'date': 'February 24, 2024', 'location': 'Mexico City, Distrito Federal, Mexico', 'fighter_a_name': 'Daniel Zellhuber', 'fighter_b_name': 'Francisco Prado', 'weight_class': 'Lightweight', 'cage_size': 'big'}
2024-01-22 14:33:50 [scrapy.core.scraper] DEBUG: Scraped from <200 http://ufcstats.com/event-details/902ab9197b83d0db>
{'event_title': 'UFC Fight Night: Moreno vs. Royval', 'date': 'February 24, 2024', 'location': 'Mexico City, Distrito Federal, Mexico', 'fighter_a_name': 'Raul Rosas Jr.', 'fighter_b_name': 'Ricky Turcios', 'weight_class': 'Bantamweight', 'cage_size': 'big'}
2024-01-22 14:33:50 [scrapy.core.scraper] DEBUG: Scraped from <200 http://ufcstats.com/event-details/902ab9197b83d0db>
{'event_title': 'UFC Fight Night: Moreno vs. Royval', 'date': 'February 24, 2024', 'location': 'Mexico City, Distrito Federal, Mexico', 'fighter_a_name': 'Claudio Puelles', 'fighter_b_name': 'Fares Ziam', 'weight_class': 'Lightweight', 'cage_size': 'big'}
2024-01-22 14:33:50 [scrapy.core.scraper] DEBUG: Scraped from <200 http://ufcstats.com/event-details/902ab9197b83d0db>
{'event_title': 'UFC Fight Night: Moreno vs. Royval', 'date': 'February 24, 2024', 'location': 'Mexico City, Distrito Federal, Mexico', 'fighter_a_name': 'Erik Silva', 'fighter_b_name': 'Muhammad Naimov', 'weight_class': 'Featherweight', 'cage_size': 'big'}
2024-01-22 14:33:50 [scrapy.core.scraper] ERROR: Spider error processing <GET http://ufcstats.com/event-details/902ab9197b83d0db> (referer: http://ufcstats.com/statistics/events/upcoming)
Traceback (most recent call last):
  File "/Library/Frameworks/Python.framework/Versions/3.11/lib/python3.11/site-packages/scrapy/utils/defer.py", line 279, in iter_errback
    yield next(it)
          ^^^^^^^^
  File "/Library/Frameworks/Python.framework/Versions/3.11/lib/python3.11/site-packages/scrapy/utils/python.py", line 350, in __next__
    return next(self.data)
           ^^^^^^^^^^^^^^^
  File "/Library/Frameworks/Python.framework/Versions/3.11/lib/python3.11/site-packages/scrapy/utils/python.py", line 350, in __next__
    return next(self.data)
           ^^^^^^^^^^^^^^^
  File "/Library/Frameworks/Python.framework/Versions/3.11/lib/python3.11/site-packages/scrapy/core/spidermw.py", line 106, in process_sync
    for r in iterable:
  File "/Library/Frameworks/Python.framework/Versions/3.11/lib/python3.11/site-packages/scrapy/spidermiddlewares/offsite.py", line 28, in <genexpr>
    return (r for r in result or () if self._filter(r, spider))
           ^^^^^^^^^^^^^^^^^^^^^^^^^^^^^^^^^^^^^^^^^^^^^^^^^^^^
  File "/Library/Frameworks/Python.framework/Versions/3.11/lib/python3.11/site-packages/scrapy/core/spidermw.py", line 106, in process_sync
    for r in iterable:
  File "/Library/Frameworks/Python.framework/Versions/3.11/lib/python3.11/site-packages/scrapy/spidermiddlewares/referer.py", line 352, in <genexpr>
    return (self._set_referer(r, response) for r in result or ())
           ^^^^^^^^^^^^^^^^^^^^^^^^^^^^^^^^^^^^^^^^^^^^^^^^^^^^^^
  File "/Library/Frameworks/Python.framework/Versions/3.11/lib/python3.11/site-packages/scrapy/core/spidermw.py", line 106, in process_sync
    for r in iterable:
  File "/Library/Frameworks/Python.framework/Versions/3.11/lib/python3.11/site-packages/scrapy/spidermiddlewares/urllength.py", line 27, in <genexpr>
    return (r for r in result or () if self._filter(r, spider))
           ^^^^^^^^^^^^^^^^^^^^^^^^^^^^^^^^^^^^^^^^^^^^^^^^^^^^
  File "/Library/Frameworks/Python.framework/Versions/3.11/lib/python3.11/site-packages/scrapy/core/spidermw.py", line 106, in process_sync
    for r in iterable:
  File "/Library/Frameworks/Python.framework/Versions/3.11/lib/python3.11/site-packages/scrapy/spidermiddlewares/depth.py", line 31, in <genexpr>
    return (r for r in result or () if self._filter(r, response, spider))
           ^^^^^^^^^^^^^^^^^^^^^^^^^^^^^^^^^^^^^^^^^^^^^^^^^^^^^^^^^^^^^^
  File "/Library/Frameworks/Python.framework/Versions/3.11/lib/python3.11/site-packages/scrapy/core/spidermw.py", line 106, in process_sync
    for r in iterable:
  File "/Users/daneweickert/Library/CloudStorage/GoogleDrive-weickertdane99@gmail.com/My Drive/Work/Sports Betting/Sports/MMA/ufc_modeling/prod/pipelines/../spiders/upcoming_bouts_spider.py", line 40, in get_bouts
    fighter_a_name = response.css(f'tr.b-fight-details__table-row:nth-child({bout}) td.b-fight-details__table-col.l-page_align_left:nth-child(2) p.b-fight-details__table-text:nth-child(1) a.b-link::text').get().strip()
                     ^^^^^^^^^^^^^^^^^^^^^^^^^^^^^^^^^^^^^^^^^^^^^^^^^^^^^^^^^^^^^^^^^^^^^^^^^^^^^^^^^^^^^^^^^^^^^^^^^^^^^^^^^^^^^^^^^^^^^^^^^^^^^^^^^^^^^^^^^^^^^^^^^^^^^^^^^^^^^^^^^^^^^^^^^^^^^^^^^^^^^^^^^^^^^^^^^^^
AttributeError: 'NoneType' object has no attribute 'strip'
2024-01-22 14:33:50 [scrapy.core.scraper] DEBUG: Scraped from <200 http://ufcstats.com/event-details/a9df5ae20a97b090>
{'event_title': "UFC 299: O'Malley vs. Vera 2", 'date': 'March 09, 2024', 'location': 'Miami, Florida, USA', 'fighter_a_name': "Sean O'Malley", 'fighter_b_name': 'Marlon Vera', 'weight_class': 'Bantamweight', 'cage_size': 'big'}
2024-01-22 14:33:50 [scrapy.core.scraper] DEBUG: Scraped from <200 http://ufcstats.com/event-details/a9df5ae20a97b090>
{'event_title': "UFC 299: O'Malley vs. Vera 2", 'date': 'March 09, 2024', 'location': 'Miami, Florida, USA', 'fighter_a_name': 'Dustin Poirier', 'fighter_b_name': 'Benoit Saint Denis', 'weight_class': 'Lightweight', 'cage_size': 'big'}
2024-01-22 14:33:50 [scrapy.core.scraper] DEBUG: Scraped from <200 http://ufcstats.com/event-details/a9df5ae20a97b090>
{'event_title': "UFC 299: O'Malley vs. Vera 2", 'date': 'March 09, 2024', 'location': 'Miami, Florida, USA', 'fighter_a_name': 'Katlyn Cerminara', 'fighter_b_name': 'Maycee Barber', 'weight_class': "Women's Flyweight", 'cage_size': 'big'}
2024-01-22 14:33:50 [scrapy.core.scraper] DEBUG: Scraped from <200 http://ufcstats.com/event-details/a9df5ae20a97b090>
{'event_title': "UFC 299: O'Malley vs. Vera 2", 'date': 'March 09, 2024', 'location': 'Miami, Florida, USA', 'fighter_a_name': 'Curtis Blaydes', 'fighter_b_name': 'Jailton Almeida', 'weight_class': 'Heavyweight', 'cage_size': 'big'}
2024-01-22 14:33:50 [scrapy.core.scraper] DEBUG: Scraped from <200 http://ufcstats.com/event-details/a9df5ae20a97b090>
{'event_title': "UFC 299: O'Malley vs. Vera 2", 'date': 'March 09, 2024', 'location': 'Miami, Florida, USA', 'fighter_a_name': 'Mateusz Gamrot', 'fighter_b_name': 'Rafael Dos Anjos', 'weight_class': 'Lightweight', 'cage_size': 'big'}
2024-01-22 14:33:50 [scrapy.core.scraper] DEBUG: Scraped from <200 http://ufcstats.com/event-details/a9df5ae20a97b090>
{'event_title': "UFC 299: O'Malley vs. Vera 2", 'date': 'March 09, 2024', 'location': 'Miami, Florida, USA', 'fighter_a_name': 'Pedro Munhoz', 'fighter_b_name': 'Kyler Phillips', 'weight_class': 'Bantamweight', 'cage_size': 'big'}
2024-01-22 14:33:50 [scrapy.core.scraper] DEBUG: Scraped from <200 http://ufcstats.com/event-details/a9df5ae20a97b090>
{'event_title': "UFC 299: O'Malley vs. Vera 2", 'date': 'March 09, 2024', 'location': 'Miami, Florida, USA', 'fighter_a_name': 'Lauren Murphy', 'fighter_b_name': 'Karine Silva', 'weight_class': "Women's Flyweight", 'cage_size': 'big'}
2024-01-22 14:33:50 [scrapy.core.scraper] DEBUG: Scraped from <200 http://ufcstats.com/event-details/a9df5ae20a97b090>
{'event_title': "UFC 299: O'Malley vs. Vera 2", 'date': 'March 09, 2024', 'location': 'Miami, Florida, USA', 'fighter_a_name': 'CJ Vergara', 'fighter_b_name': 'Assu Almabayev', 'weight_class': 'Flyweight', 'cage_size': 'big'}
2024-01-22 14:33:50 [scrapy.core.scraper] DEBUG: Scraped from <200 http://ufcstats.com/event-details/a9df5ae20a97b090>
{'event_title': "UFC 299: O'Malley vs. Vera 2", 'date': 'March 09, 2024', 'location': 'Miami, Florida, USA', 'fighter_a_name': 'Gilbert Burns', 'fighter_b_name': 'Jack Della Maddalena', 'weight_class': 'Welterweight', 'cage_size': 'big'}
2024-01-22 14:33:50 [scrapy.core.scraper] DEBUG: Scraped from <200 http://ufcstats.com/event-details/a9df5ae20a97b090>
{'event_title': "UFC 299: O'Malley vs. Vera 2", 'date': 'March 09, 2024', 'location': 'Miami, Florida, USA', 'fighter_a_name': 'Petr Yan', 'fighter_b_name': 'Song Yadong', 'weight_class': 'Bantamweight', 'cage_size': 'big'}
2024-01-22 14:33:50 [scrapy.core.scraper] DEBUG: Scraped from <200 http://ufcstats.com/event-details/a9df5ae20a97b090>
{'event_title': "UFC 299: O'Malley vs. Vera 2", 'date': 'March 09, 2024', 'location': 'Miami, Florida, USA', 'fighter_a_name': 'Kevin Holland', 'fighter_b_name': 'Michael Page', 'weight_class': 'Welterweight', 'cage_size': 'big'}
2024-01-22 14:33:50 [scrapy.core.scraper] DEBUG: Scraped from <200 http://ufcstats.com/event-details/a9df5ae20a97b090>
{'event_title': "UFC 299: O'Malley vs. Vera 2", 'date': 'March 09, 2024', 'location': 'Miami, Florida, USA', 'fighter_a_name': 'Robelis Despaigne', 'fighter_b_name': 'Josh Parisian', 'weight_class': 'Heavyweight', 'cage_size': 'big'}
2024-01-22 14:33:50 [scrapy.core.scraper] DEBUG: Scraped from <200 http://ufcstats.com/event-details/a9df5ae20a97b090>
{'event_title': "UFC 299: O'Malley vs. Vera 2", 'date': 'March 09, 2024', 'location': 'Miami, Florida, USA', 'fighter_a_name': 'Michel Pereira', 'fighter_b_name': 'Michal Oleksiejczuk', 'weight_class': 'Middleweight', 'cage_size': 'big'}
2024-01-22 14:33:50 [scrapy.core.scraper] ERROR: Spider error processing <GET http://ufcstats.com/event-details/a9df5ae20a97b090> (referer: http://ufcstats.com/statistics/events/upcoming)
Traceback (most recent call last):
  File "/Library/Frameworks/Python.framework/Versions/3.11/lib/python3.11/site-packages/scrapy/utils/defer.py", line 279, in iter_errback
    yield next(it)
          ^^^^^^^^
  File "/Library/Frameworks/Python.framework/Versions/3.11/lib/python3.11/site-packages/scrapy/utils/python.py", line 350, in __next__
    return next(self.data)
           ^^^^^^^^^^^^^^^
  File "/Library/Frameworks/Python.framework/Versions/3.11/lib/python3.11/site-packages/scrapy/utils/python.py", line 350, in __next__
    return next(self.data)
           ^^^^^^^^^^^^^^^
  File "/Library/Frameworks/Python.framework/Versions/3.11/lib/python3.11/site-packages/scrapy/core/spidermw.py", line 106, in process_sync
    for r in iterable:
  File "/Library/Frameworks/Python.framework/Versions/3.11/lib/python3.11/site-packages/scrapy/spidermiddlewares/offsite.py", line 28, in <genexpr>
    return (r for r in result or () if self._filter(r, spider))
           ^^^^^^^^^^^^^^^^^^^^^^^^^^^^^^^^^^^^^^^^^^^^^^^^^^^^
  File "/Library/Frameworks/Python.framework/Versions/3.11/lib/python3.11/site-packages/scrapy/core/spidermw.py", line 106, in process_sync
    for r in iterable:
  File "/Library/Frameworks/Python.framework/Versions/3.11/lib/python3.11/site-packages/scrapy/spidermiddlewares/referer.py", line 352, in <genexpr>
    return (self._set_referer(r, response) for r in result or ())
           ^^^^^^^^^^^^^^^^^^^^^^^^^^^^^^^^^^^^^^^^^^^^^^^^^^^^^^
  File "/Library/Frameworks/Python.framework/Versions/3.11/lib/python3.11/site-packages/scrapy/core/spidermw.py", line 106, in process_sync
    for r in iterable:
  File "/Library/Frameworks/Python.framework/Versions/3.11/lib/python3.11/site-packages/scrapy/spidermiddlewares/urllength.py", line 27, in <genexpr>
    return (r for r in result or () if self._filter(r, spider))
           ^^^^^^^^^^^^^^^^^^^^^^^^^^^^^^^^^^^^^^^^^^^^^^^^^^^^
  File "/Library/Frameworks/Python.framework/Versions/3.11/lib/python3.11/site-packages/scrapy/core/spidermw.py", line 106, in process_sync
    for r in iterable:
  File "/Library/Frameworks/Python.framework/Versions/3.11/lib/python3.11/site-packages/scrapy/spidermiddlewares/depth.py", line 31, in <genexpr>
    return (r for r in result or () if self._filter(r, response, spider))
           ^^^^^^^^^^^^^^^^^^^^^^^^^^^^^^^^^^^^^^^^^^^^^^^^^^^^^^^^^^^^^^
  File "/Library/Frameworks/Python.framework/Versions/3.11/lib/python3.11/site-packages/scrapy/core/spidermw.py", line 106, in process_sync
    for r in iterable:
  File "/Users/daneweickert/Library/CloudStorage/GoogleDrive-weickertdane99@gmail.com/My Drive/Work/Sports Betting/Sports/MMA/ufc_modeling/prod/pipelines/../spiders/upcoming_bouts_spider.py", line 40, in get_bouts
    fighter_a_name = response.css(f'tr.b-fight-details__table-row:nth-child({bout}) td.b-fight-details__table-col.l-page_align_left:nth-child(2) p.b-fight-details__table-text:nth-child(1) a.b-link::text').get().strip()
                     ^^^^^^^^^^^^^^^^^^^^^^^^^^^^^^^^^^^^^^^^^^^^^^^^^^^^^^^^^^^^^^^^^^^^^^^^^^^^^^^^^^^^^^^^^^^^^^^^^^^^^^^^^^^^^^^^^^^^^^^^^^^^^^^^^^^^^^^^^^^^^^^^^^^^^^^^^^^^^^^^^^^^^^^^^^^^^^^^^^^^^^^^^^^^^^^^^^^
AttributeError: 'NoneType' object has no attribute 'strip'
2024-01-22 14:33:50 [scrapy.core.scraper] DEBUG: Scraped from <200 http://ufcstats.com/event-details/eaea0fc7b76525a8>
{'event_title': 'UFC Fight Night: Hermansson vs. Pyfer', 'date': 'February 10, 2024', 'location': 'Las Vegas, Nevada, USA', 'fighter_a_name': 'Jack Hermansson', 'fighter_b_name': 'Joe Pyfer', 'weight_class': 'Middleweight', 'cage_size': 'small'}
2024-01-22 14:33:50 [scrapy.core.scraper] DEBUG: Scraped from <200 http://ufcstats.com/event-details/eaea0fc7b76525a8>
{'event_title': 'UFC Fight Night: Hermansson vs. Pyfer', 'date': 'February 10, 2024', 'location': 'Las Vegas, Nevada, USA', 'fighter_a_name': 'Dan Ige', 'fighter_b_name': 'Lerone Murphy', 'weight_class': 'Featherweight', 'cage_size': 'small'}
2024-01-22 14:33:50 [scrapy.core.scraper] DEBUG: Scraped from <200 http://ufcstats.com/event-details/eaea0fc7b76525a8>
{'event_title': 'UFC Fight Night: Hermansson vs. Pyfer', 'date': 'February 10, 2024', 'location': 'Las Vegas, Nevada, USA', 'fighter_a_name': 'Robert Bryczek', 'fighter_b_name': 'Albert Duraev', 'weight_class': 'Middleweight', 'cage_size': 'small'}
2024-01-22 14:33:50 [scrapy.core.scraper] DEBUG: Scraped from <200 http://ufcstats.com/event-details/eaea0fc7b76525a8>
{'event_title': 'UFC Fight Night: Hermansson vs. Pyfer', 'date': 'February 10, 2024', 'location': 'Las Vegas, Nevada, USA', 'fighter_a_name': 'Brad Tavares', 'fighter_b_name': 'Gregory Rodrigues', 'weight_class': 'Middleweight', 'cage_size': 'small'}
2024-01-22 14:33:50 [scrapy.core.scraper] DEBUG: Scraped from <200 http://ufcstats.com/event-details/eaea0fc7b76525a8>
{'event_title': 'UFC Fight Night: Hermansson vs. Pyfer', 'date': 'February 10, 2024', 'location': 'Las Vegas, Nevada, USA', 'fighter_a_name': 'Michael Johnson', 'fighter_b_name': 'Darrius Flowers', 'weight_class': 'Lightweight', 'cage_size': 'small'}
2024-01-22 14:33:50 [scrapy.core.scraper] DEBUG: Scraped from <200 http://ufcstats.com/event-details/eaea0fc7b76525a8>
{'event_title': 'UFC Fight Night: Hermansson vs. Pyfer', 'date': 'February 10, 2024', 'location': 'Las Vegas, Nevada, USA', 'fighter_a_name': 'Rodolfo Vieira', 'fighter_b_name': 'Armen Petrosyan', 'weight_class': 'Middleweight', 'cage_size': 'small'}
2024-01-22 14:33:50 [scrapy.core.scraper] DEBUG: Scraped from <200 http://ufcstats.com/event-details/eaea0fc7b76525a8>
{'event_title': 'UFC Fight Night: Hermansson vs. Pyfer', 'date': 'February 10, 2024', 'location': 'Las Vegas, Nevada, USA', 'fighter_a_name': 'Trevin Giles', 'fighter_b_name': 'Carlos Prates', 'weight_class': 'Welterweight', 'cage_size': 'small'}
2024-01-22 14:33:50 [scrapy.core.scraper] DEBUG: Scraped from <200 http://ufcstats.com/event-details/eaea0fc7b76525a8>
{'event_title': 'UFC Fight Night: Hermansson vs. Pyfer', 'date': 'February 10, 2024', 'location': 'Las Vegas, Nevada, USA', 'fighter_a_name': 'Damir Hadzovic', 'fighter_b_name': 'Bolaji Oki', 'weight_class': 'Lightweight', 'cage_size': 'small'}
2024-01-22 14:33:50 [scrapy.core.scraper] DEBUG: Scraped from <200 http://ufcstats.com/event-details/eaea0fc7b76525a8>
{'event_title': 'UFC Fight Night: Hermansson vs. Pyfer', 'date': 'February 10, 2024', 'location': 'Las Vegas, Nevada, USA', 'fighter_a_name': 'Loma Lookboonmee', 'fighter_b_name': 'Bruna Brasil', 'weight_class': "Women's Strawweight", 'cage_size': 'small'}
2024-01-22 14:33:50 [scrapy.core.scraper] DEBUG: Scraped from <200 http://ufcstats.com/event-details/eaea0fc7b76525a8>
{'event_title': 'UFC Fight Night: Hermansson vs. Pyfer', 'date': 'February 10, 2024', 'location': 'Las Vegas, Nevada, USA', 'fighter_a_name': 'Devin Clark', 'fighter_b_name': 'Marcin Prachnio', 'weight_class': 'Light Heavyweight', 'cage_size': 'small'}
2024-01-22 14:33:50 [scrapy.core.scraper] DEBUG: Scraped from <200 http://ufcstats.com/event-details/eaea0fc7b76525a8>
{'event_title': 'UFC Fight Night: Hermansson vs. Pyfer', 'date': 'February 10, 2024', 'location': 'Las Vegas, Nevada, USA', 'fighter_a_name': 'Max Griffin', 'fighter_b_name': 'Jeremiah Wells', 'weight_class': 'Welterweight', 'cage_size': 'small'}
2024-01-22 14:33:50 [scrapy.core.scraper] DEBUG: Scraped from <200 http://ufcstats.com/event-details/eaea0fc7b76525a8>
{'event_title': 'UFC Fight Night: Hermansson vs. Pyfer', 'date': 'February 10, 2024', 'location': 'Las Vegas, Nevada, USA', 'fighter_a_name': 'Zac Pauga', 'fighter_b_name': 'Bogdan Guskov', 'weight_class': 'Light Heavyweight', 'cage_size': 'small'}
2024-01-22 14:33:50 [scrapy.core.scraper] DEBUG: Scraped from <200 http://ufcstats.com/event-details/eaea0fc7b76525a8>
{'event_title': 'UFC Fight Night: Hermansson vs. Pyfer', 'date': 'February 10, 2024', 'location': 'Las Vegas, Nevada, USA', 'fighter_a_name': 'Melsik Baghdasaryan', 'fighter_b_name': 'Hyder Amil', 'weight_class': 'Featherweight', 'cage_size': 'small'}
2024-01-22 14:33:50 [scrapy.core.scraper] DEBUG: Scraped from <200 http://ufcstats.com/event-details/eaea0fc7b76525a8>
{'event_title': 'UFC Fight Night: Hermansson vs. Pyfer', 'date': 'February 10, 2024', 'location': 'Las Vegas, Nevada, USA', 'fighter_a_name': 'Daniel Marcos', 'fighter_b_name': 'Aoriqileng', 'weight_class': 'Bantamweight', 'cage_size': 'small'}
2024-01-22 14:33:50 [scrapy.core.scraper] ERROR: Spider error processing <GET http://ufcstats.com/event-details/eaea0fc7b76525a8> (referer: http://ufcstats.com/statistics/events/upcoming)
Traceback (most recent call last):
  File "/Library/Frameworks/Python.framework/Versions/3.11/lib/python3.11/site-packages/scrapy/utils/defer.py", line 279, in iter_errback
    yield next(it)
          ^^^^^^^^
  File "/Library/Frameworks/Python.framework/Versions/3.11/lib/python3.11/site-packages/scrapy/utils/python.py", line 350, in __next__
    return next(self.data)
           ^^^^^^^^^^^^^^^
  File "/Library/Frameworks/Python.framework/Versions/3.11/lib/python3.11/site-packages/scrapy/utils/python.py", line 350, in __next__
    return next(self.data)
           ^^^^^^^^^^^^^^^
  File "/Library/Frameworks/Python.framework/Versions/3.11/lib/python3.11/site-packages/scrapy/core/spidermw.py", line 106, in process_sync
    for r in iterable:
  File "/Library/Frameworks/Python.framework/Versions/3.11/lib/python3.11/site-packages/scrapy/spidermiddlewares/offsite.py", line 28, in <genexpr>
    return (r for r in result or () if self._filter(r, spider))
           ^^^^^^^^^^^^^^^^^^^^^^^^^^^^^^^^^^^^^^^^^^^^^^^^^^^^
  File "/Library/Frameworks/Python.framework/Versions/3.11/lib/python3.11/site-packages/scrapy/core/spidermw.py", line 106, in process_sync
    for r in iterable:
  File "/Library/Frameworks/Python.framework/Versions/3.11/lib/python3.11/site-packages/scrapy/spidermiddlewares/referer.py", line 352, in <genexpr>
    return (self._set_referer(r, response) for r in result or ())
           ^^^^^^^^^^^^^^^^^^^^^^^^^^^^^^^^^^^^^^^^^^^^^^^^^^^^^^
  File "/Library/Frameworks/Python.framework/Versions/3.11/lib/python3.11/site-packages/scrapy/core/spidermw.py", line 106, in process_sync
    for r in iterable:
  File "/Library/Frameworks/Python.framework/Versions/3.11/lib/python3.11/site-packages/scrapy/spidermiddlewares/urllength.py", line 27, in <genexpr>
    return (r for r in result or () if self._filter(r, spider))
           ^^^^^^^^^^^^^^^^^^^^^^^^^^^^^^^^^^^^^^^^^^^^^^^^^^^^
  File "/Library/Frameworks/Python.framework/Versions/3.11/lib/python3.11/site-packages/scrapy/core/spidermw.py", line 106, in process_sync
    for r in iterable:
  File "/Library/Frameworks/Python.framework/Versions/3.11/lib/python3.11/site-packages/scrapy/spidermiddlewares/depth.py", line 31, in <genexpr>
    return (r for r in result or () if self._filter(r, response, spider))
           ^^^^^^^^^^^^^^^^^^^^^^^^^^^^^^^^^^^^^^^^^^^^^^^^^^^^^^^^^^^^^^
  File "/Library/Frameworks/Python.framework/Versions/3.11/lib/python3.11/site-packages/scrapy/core/spidermw.py", line 106, in process_sync
    for r in iterable:
  File "/Users/daneweickert/Library/CloudStorage/GoogleDrive-weickertdane99@gmail.com/My Drive/Work/Sports Betting/Sports/MMA/ufc_modeling/prod/pipelines/../spiders/upcoming_bouts_spider.py", line 40, in get_bouts
    fighter_a_name = response.css(f'tr.b-fight-details__table-row:nth-child({bout}) td.b-fight-details__table-col.l-page_align_left:nth-child(2) p.b-fight-details__table-text:nth-child(1) a.b-link::text').get().strip()
                     ^^^^^^^^^^^^^^^^^^^^^^^^^^^^^^^^^^^^^^^^^^^^^^^^^^^^^^^^^^^^^^^^^^^^^^^^^^^^^^^^^^^^^^^^^^^^^^^^^^^^^^^^^^^^^^^^^^^^^^^^^^^^^^^^^^^^^^^^^^^^^^^^^^^^^^^^^^^^^^^^^^^^^^^^^^^^^^^^^^^^^^^^^^^^^^^^^^^
AttributeError: 'NoneType' object has no attribute 'strip'
2024-01-22 14:33:50 [scrapy.core.scraper] DEBUG: Scraped from <200 http://ufcstats.com/event-details/cce79e827569f26e>
{'event_title': 'UFC Fight Night: Dolidze vs. Imavov', 'date': 'February 03, 2024', 'location': 'Las Vegas, Nevada, USA', 'fighter_a_name': 'Roman Dolidze', 'fighter_b_name': 'Nassourdine Imavov', 'weight_class': 'Middleweight', 'cage_size': 'small'}
2024-01-22 14:33:50 [scrapy.core.scraper] DEBUG: Scraped from <200 http://ufcstats.com/event-details/cce79e827569f26e>
{'event_title': 'UFC Fight Night: Dolidze vs. Imavov', 'date': 'February 03, 2024', 'location': 'Las Vegas, Nevada, USA', 'fighter_a_name': 'Renato Moicano', 'fighter_b_name': 'Drew Dober', 'weight_class': 'Lightweight', 'cage_size': 'small'}
2024-01-22 14:33:50 [scrapy.core.scraper] DEBUG: Scraped from <200 http://ufcstats.com/event-details/cce79e827569f26e>
{'event_title': 'UFC Fight Night: Dolidze vs. Imavov', 'date': 'February 03, 2024', 'location': 'Las Vegas, Nevada, USA', 'fighter_a_name': 'Randy Brown', 'fighter_b_name': 'Muslim Salikhov', 'weight_class': 'Welterweight', 'cage_size': 'small'}
2024-01-22 14:33:50 [scrapy.core.scraper] DEBUG: Scraped from <200 http://ufcstats.com/event-details/cce79e827569f26e>
{'event_title': 'UFC Fight Night: Dolidze vs. Imavov', 'date': 'February 03, 2024', 'location': 'Las Vegas, Nevada, USA', 'fighter_a_name': 'Viviane Araujo', 'fighter_b_name': 'Natalia Silva', 'weight_class': "Women's Flyweight", 'cage_size': 'small'}
2024-01-22 14:33:50 [scrapy.core.scraper] DEBUG: Scraped from <200 http://ufcstats.com/event-details/cce79e827569f26e>
{'event_title': 'UFC Fight Night: Dolidze vs. Imavov', 'date': 'February 03, 2024', 'location': 'Las Vegas, Nevada, USA', 'fighter_a_name': 'Aliaskhab Khizriev', 'fighter_b_name': 'Makhmud Muradov', 'weight_class': 'Middleweight', 'cage_size': 'small'}
2024-01-22 14:33:50 [scrapy.core.scraper] DEBUG: Scraped from <200 http://ufcstats.com/event-details/cce79e827569f26e>
{'event_title': 'UFC Fight Night: Dolidze vs. Imavov', 'date': 'February 03, 2024', 'location': 'Las Vegas, Nevada, USA', 'fighter_a_name': 'Gilbert Urbina', 'fighter_b_name': 'Charles Radtke', 'weight_class': 'Welterweight', 'cage_size': 'small'}
2024-01-22 14:33:50 [scrapy.core.scraper] DEBUG: Scraped from <200 http://ufcstats.com/event-details/cce79e827569f26e>
{'event_title': 'UFC Fight Night: Dolidze vs. Imavov', 'date': 'February 03, 2024', 'location': 'Las Vegas, Nevada, USA', 'fighter_a_name': 'Molly McCann', 'fighter_b_name': 'Diana Belbita', 'weight_class': "Women's Strawweight", 'cage_size': 'small'}
2024-01-22 14:33:50 [scrapy.core.scraper] DEBUG: Scraped from <200 http://ufcstats.com/event-details/cce79e827569f26e>
{'event_title': 'UFC Fight Night: Dolidze vs. Imavov', 'date': 'February 03, 2024', 'location': 'Las Vegas, Nevada, USA', 'fighter_a_name': 'Azat Maksum', 'fighter_b_name': 'Charles Johnson', 'weight_class': 'Flyweight', 'cage_size': 'small'}
2024-01-22 14:33:50 [scrapy.core.scraper] DEBUG: Scraped from <200 http://ufcstats.com/event-details/cce79e827569f26e>
{'event_title': 'UFC Fight Night: Dolidze vs. Imavov', 'date': 'February 03, 2024', 'location': 'Las Vegas, Nevada, USA', 'fighter_a_name': 'Themba Gorimbo', 'fighter_b_name': 'Pete Rodriguez', 'weight_class': 'Welterweight', 'cage_size': 'small'}
2024-01-22 14:33:50 [scrapy.core.scraper] DEBUG: Scraped from <200 http://ufcstats.com/event-details/cce79e827569f26e>
{'event_title': 'UFC Fight Night: Dolidze vs. Imavov', 'date': 'February 03, 2024', 'location': 'Las Vegas, Nevada, USA', 'fighter_a_name': 'JeongYeong Lee', 'fighter_b_name': 'Blake Bilder', 'weight_class': 'Featherweight', 'cage_size': 'small'}
2024-01-22 14:33:50 [scrapy.core.scraper] DEBUG: Scraped from <200 http://ufcstats.com/event-details/cce79e827569f26e>
{'event_title': 'UFC Fight Night: Dolidze vs. Imavov', 'date': 'February 03, 2024', 'location': 'Las Vegas, Nevada, USA', 'fighter_a_name': 'Luana Carolina', 'fighter_b_name': 'Julija Stoliarenko', 'weight_class': "Women's Flyweight", 'cage_size': 'small'}
2024-01-22 14:33:50 [scrapy.core.scraper] DEBUG: Scraped from <200 http://ufcstats.com/event-details/cce79e827569f26e>
{'event_title': 'UFC Fight Night: Dolidze vs. Imavov', 'date': 'February 03, 2024', 'location': 'Las Vegas, Nevada, USA', 'fighter_a_name': 'Landon Quinones', 'fighter_b_name': 'Marquel Mederos', 'weight_class': 'Lightweight', 'cage_size': 'small'}
2024-01-22 14:33:50 [scrapy.core.scraper] DEBUG: Scraped from <200 http://ufcstats.com/event-details/cce79e827569f26e>
{'event_title': 'UFC Fight Night: Dolidze vs. Imavov', 'date': 'February 03, 2024', 'location': 'Las Vegas, Nevada, USA', 'fighter_a_name': 'Thomas Petersen', 'fighter_b_name': 'Jamal Pogues', 'weight_class': 'Heavyweight', 'cage_size': 'small'}
2024-01-22 14:33:50 [scrapy.core.scraper] ERROR: Spider error processing <GET http://ufcstats.com/event-details/cce79e827569f26e> (referer: http://ufcstats.com/statistics/events/upcoming)
Traceback (most recent call last):
  File "/Library/Frameworks/Python.framework/Versions/3.11/lib/python3.11/site-packages/scrapy/utils/defer.py", line 279, in iter_errback
    yield next(it)
          ^^^^^^^^
  File "/Library/Frameworks/Python.framework/Versions/3.11/lib/python3.11/site-packages/scrapy/utils/python.py", line 350, in __next__
    return next(self.data)
           ^^^^^^^^^^^^^^^
  File "/Library/Frameworks/Python.framework/Versions/3.11/lib/python3.11/site-packages/scrapy/utils/python.py", line 350, in __next__
    return next(self.data)
           ^^^^^^^^^^^^^^^
  File "/Library/Frameworks/Python.framework/Versions/3.11/lib/python3.11/site-packages/scrapy/core/spidermw.py", line 106, in process_sync
    for r in iterable:
  File "/Library/Frameworks/Python.framework/Versions/3.11/lib/python3.11/site-packages/scrapy/spidermiddlewares/offsite.py", line 28, in <genexpr>
    return (r for r in result or () if self._filter(r, spider))
           ^^^^^^^^^^^^^^^^^^^^^^^^^^^^^^^^^^^^^^^^^^^^^^^^^^^^
  File "/Library/Frameworks/Python.framework/Versions/3.11/lib/python3.11/site-packages/scrapy/core/spidermw.py", line 106, in process_sync
    for r in iterable:
  File "/Library/Frameworks/Python.framework/Versions/3.11/lib/python3.11/site-packages/scrapy/spidermiddlewares/referer.py", line 352, in <genexpr>
    return (self._set_referer(r, response) for r in result or ())
           ^^^^^^^^^^^^^^^^^^^^^^^^^^^^^^^^^^^^^^^^^^^^^^^^^^^^^^
  File "/Library/Frameworks/Python.framework/Versions/3.11/lib/python3.11/site-packages/scrapy/core/spidermw.py", line 106, in process_sync
    for r in iterable:
  File "/Library/Frameworks/Python.framework/Versions/3.11/lib/python3.11/site-packages/scrapy/spidermiddlewares/urllength.py", line 27, in <genexpr>
    return (r for r in result or () if self._filter(r, spider))
           ^^^^^^^^^^^^^^^^^^^^^^^^^^^^^^^^^^^^^^^^^^^^^^^^^^^^
  File "/Library/Frameworks/Python.framework/Versions/3.11/lib/python3.11/site-packages/scrapy/core/spidermw.py", line 106, in process_sync
    for r in iterable:
  File "/Library/Frameworks/Python.framework/Versions/3.11/lib/python3.11/site-packages/scrapy/spidermiddlewares/depth.py", line 31, in <genexpr>
    return (r for r in result or () if self._filter(r, response, spider))
           ^^^^^^^^^^^^^^^^^^^^^^^^^^^^^^^^^^^^^^^^^^^^^^^^^^^^^^^^^^^^^^
  File "/Library/Frameworks/Python.framework/Versions/3.11/lib/python3.11/site-packages/scrapy/core/spidermw.py", line 106, in process_sync
    for r in iterable:
  File "/Users/daneweickert/Library/CloudStorage/GoogleDrive-weickertdane99@gmail.com/My Drive/Work/Sports Betting/Sports/MMA/ufc_modeling/prod/pipelines/../spiders/upcoming_bouts_spider.py", line 40, in get_bouts
    fighter_a_name = response.css(f'tr.b-fight-details__table-row:nth-child({bout}) td.b-fight-details__table-col.l-page_align_left:nth-child(2) p.b-fight-details__table-text:nth-child(1) a.b-link::text').get().strip()
                     ^^^^^^^^^^^^^^^^^^^^^^^^^^^^^^^^^^^^^^^^^^^^^^^^^^^^^^^^^^^^^^^^^^^^^^^^^^^^^^^^^^^^^^^^^^^^^^^^^^^^^^^^^^^^^^^^^^^^^^^^^^^^^^^^^^^^^^^^^^^^^^^^^^^^^^^^^^^^^^^^^^^^^^^^^^^^^^^^^^^^^^^^^^^^^^^^^^^
AttributeError: 'NoneType' object has no attribute 'strip'
2024-01-22 14:33:50 [scrapy.core.engine] INFO: Closing spider (finished)
2024-01-22 14:33:50 [scrapy.statscollectors] INFO: Dumping Scrapy stats:
{'downloader/request_bytes': 3611,
 'downloader/request_count': 12,
 'downloader/request_method_count/GET': 12,
 'downloader/response_bytes': 41684,
 'downloader/response_count': 12,
 'downloader/response_status_count/200': 12,
 'elapsed_time_seconds': 0.39295,
 'finish_reason': 'finished',
 'finish_time': datetime.datetime(2024, 1, 22, 19, 33, 50, 38887, tzinfo=datetime.timezone.utc),
 'httpcompression/response_bytes': 255738,
 'httpcompression/response_count': 12,
 'item_scraped_count': 75,
 'log_count/DEBUG': 88,
 'log_count/ERROR': 11,
 'log_count/INFO': 10,
 'log_count/WARNING': 1,
 'memusage/max': 82395136,
 'memusage/startup': 82395136,
 'request_depth_max': 1,
 'response_received_count': 12,
 'scheduler/dequeued': 12,
 'scheduler/dequeued/memory': 12,
 'scheduler/enqueued': 12,
 'scheduler/enqueued/memory': 12,
 'spider_exceptions/AttributeError': 11,
 'start_time': datetime.datetime(2024, 1, 22, 19, 33, 49, 645937, tzinfo=datetime.timezone.utc)}
2024-01-22 14:33:50 [scrapy.core.engine] INFO: Spider closed (finished)
